%!Adobe-FontList 1.24
%Locale:0x409

%BeginFont
Handler:DirectoryHandler
FontType:TrueType
FontName:Rabar_021
FamilyName:Rabar_021
FullName:Rabar_021
MenuName:Rabar_021
StyleBits:2
FamilyNameNative:Rabar_021
StyleNameNative:Rabar_021
FullNameNative:Rabar_021 Rabar_021
WritingScript:Arabic
OutlineFileName:C:\Users\wawak\Desktop\New folder (4)\Font\Rabar_021.ttf
DataFormat:sfntData
hasSVG:no
hasCOLR:no
VariableFontType:NonVariableFont
FileLength:327540
FileModTime:1746271425
WeightClass:700
WidthClass:5
AngleClass:0
NameArray:0,Mac,18,Rabar_021
NameArray:0,Mac,4,Rabar_021
NameArray:0,Win,1,Rabar_021
NameArray:0,Win,16,Rabar_021
%EndFont

